<?xml version="1.0" encoding="UTF-8"?>
<!-- Generated by org.testng.reporters.JUnitXMLReporter -->
<testsuite ignored="0" hostname="pabi" failures="1" tests="4" name="Error Validation Test" time="32.176" errors="0" timestamp="2022-10-01T17:23:24 CDT">
  <testcase classname="gbuxssCreation.Tests.ErrorValidationTest" name="loginValidation" time="1.157"/>
  <testcase classname="gbuxssCreation.Tests.ErrorValidationTest" name="loginValidation" time="0.979">
    <failure type="java.lang.AssertionError" message="expected:&amp;lt;Login Successfully&amp;gt; but was:&amp;lt;Incorrect email or password.&amp;gt;">
      <![CDATA[java.lang.AssertionError: expected:<Login Successfully> but was:<Incorrect email or password.>
at gbuxssCreation.Tests.ErrorValidationTest.loginValidation(ErrorValidationTest.java:26)
at java.base/java.util.ArrayList.forEach(ArrayList.java:1511)
... Removed 29 stack frames]]>
    </failure>
  </testcase> <!-- loginValidation -->
  <testcase classname="gbuxssCreation.Tests.ErrorValidationTest" name="validatecorrectProdct" time="4.162"/>
  <testcase classname="gbuxssCreation.Tests.ErrorValidationTest" name="validatecorrectProdct" time="4.285"/>
</testsuite> <!-- Error Validation Test -->
