<?xml version="1.0" encoding="UTF-8"?>
<!-- Generated by org.testng.reporters.JUnitXMLReporter -->
<testsuite ignored="2" hostname="pabi" failures="0" tests="0" time="0.02" errors="0" timestamp="2022-10-01T17:22:52 CDT">
  <testcase classname="gbuxssCreation.Tests.SubmitOrderTest" name="submitOrder" time="0.0">
    <ignored/>
  </testcase> <!-- submitOrder -->
  <testcase classname="gbuxssCreation.Tests.SubmitOrderTest" name="verifyOrders" time="0.0">
    <ignored/>
  </testcase> <!-- verifyOrders -->
</testsuite>
